2026-04-23T06:44:00.824+05:30  INFO 26956 --- [interview-tracker] [restartedMain] c.n.i.InterviewTrackerApplication        : Starting InterviewTrackerApplication using Java 17.0.9 with PID 26956 (C:\Users\lenovo\nucleusteq-training\Capstone_InterviewTracker\backend\target\classes started by lenovo in C:\Users\lenovo\nucleusteq-training\Capstone_InterviewTracker\backend)
2026-04-23T06:44:00.830+05:30 DEBUG 26956 --- [interview-tracker] [restartedMain] c.n.i.InterviewTrackerApplication        : Running with Spring Boot v3.2.5, Spring v6.1.6
2026-04-23T06:44:00.831+05:30  INFO 26956 --- [interview-tracker] [restartedMain] c.n.i.InterviewTrackerApplication        : No active profile set, falling back to 1 default profile: "default"
2026-04-23T06:44:00.870+05:30  INFO 26956 --- [interview-tracker] [restartedMain] .e.DevToolsPropertyDefaultsPostProcessor : Devtools property defaults active! Set 'spring.devtools.add-properties' to 'false' to disable
2026-04-23T06:44:00.870+05:30  INFO 26956 --- [interview-tracker] [restartedMain] .e.DevToolsPropertyDefaultsPostProcessor : For additional web related logging consider setting the 'logging.level.web' property to 'DEBUG'
2026-04-23T06:44:01.368+05:30  INFO 26956 --- [interview-tracker] [restartedMain] .s.d.r.c.RepositoryConfigurationDelegate : Bootstrapping Spring Data JPA repositories in DEFAULT mode.
2026-04-23T06:44:01.415+05:30  INFO 26956 --- [interview-tracker] [restartedMain] .s.d.r.c.RepositoryConfigurationDelegate : Finished Spring Data repository scanning in 41 ms. Found 1 JPA repository interface.
2026-04-23T06:44:01.864+05:30  INFO 26956 --- [interview-tracker] [restartedMain] o.s.b.w.embedded.tomcat.TomcatWebServer  : Tomcat initialized with port 8080 (http)
2026-04-23T06:44:01.878+05:30  INFO 26956 --- [interview-tracker] [restartedMain] o.apache.catalina.core.StandardService   : Starting service [Tomcat]
2026-04-23T06:44:01.878+05:30  INFO 26956 --- [interview-tracker] [restartedMain] o.apache.catalina.core.StandardEngine    : Starting Servlet engine: [Apache Tomcat/10.1.20]
2026-04-23T06:44:01.912+05:30  INFO 26956 --- [interview-tracker] [restartedMain] o.a.c.c.C.[Tomcat].[localhost].[/api]    : Initializing Spring embedded WebApplicationContext
2026-04-23T06:44:01.912+05:30  INFO 26956 --- [interview-tracker] [restartedMain] w.s.c.ServletWebServerApplicationContext : Root WebApplicationContext: initialization completed in 1042 ms
2026-04-23T06:44:02.011+05:30  INFO 26956 --- [interview-tracker] [restartedMain] o.hibernate.jpa.internal.util.LogHelper  : HHH000204: Processing PersistenceUnitInfo [name: default]
2026-04-23T06:44:02.051+05:30  INFO 26956 --- [interview-tracker] [restartedMain] org.hibernate.Version                    : HHH000412: Hibernate ORM core version 6.4.4.Final
2026-04-23T06:44:02.083+05:30  INFO 26956 --- [interview-tracker] [restartedMain] o.h.c.internal.RegionFactoryInitiator    : HHH000026: Second-level cache disabled
2026-04-23T06:44:02.227+05:30  INFO 26956 --- [interview-tracker] [restartedMain] o.s.o.j.p.SpringPersistenceUnitInfo      : No LoadTimeWeaver setup: ignoring JPA class transformer
2026-04-23T06:44:02.246+05:30  INFO 26956 --- [interview-tracker] [restartedMain] com.zaxxer.hikari.HikariDataSource       : HikariPool-1 - Starting...
2026-04-23T06:44:02.348+05:30  INFO 26956 --- [interview-tracker] [restartedMain] com.zaxxer.hikari.pool.HikariPool        : HikariPool-1 - Added connection org.postgresql.jdbc.PgConnection@37ebab61
2026-04-23T06:44:02.348+05:30  INFO 26956 --- [interview-tracker] [restartedMain] com.zaxxer.hikari.HikariDataSource       : HikariPool-1 - Start completed.
2026-04-23T06:44:02.378+05:30  WARN 26956 --- [interview-tracker] [restartedMain] org.hibernate.orm.deprecation            : HHH90000025: PostgreSQLDialect does not need to be specified explicitly using 'hibernate.dialect' (remove the property setting and it will be selected by default)
2026-04-23T06:44:03.153+05:30  INFO 26956 --- [interview-tracker] [restartedMain] o.h.e.t.j.p.i.JtaPlatformInitiator       : HHH000489: No JTA platform available (set 'hibernate.transaction.jta.platform' to enable JTA platform integration)
2026-04-23T06:44:03.371+05:30  INFO 26956 --- [interview-tracker] [restartedMain] j.LocalContainerEntityManagerFactoryBean : Initialized JPA EntityManagerFactory for persistence unit 'default'
2026-04-23T06:44:03.585+05:30 DEBUG 26956 --- [interview-tracker] [restartedMain] c.n.interviewtracker.security.JwtFilter  : Filter 'jwtFilter' configured for use
2026-04-23T06:44:03.657+05:30  WARN 26956 --- [interview-tracker] [restartedMain] JpaBaseConfiguration$JpaWebConfiguration : spring.jpa.open-in-view is enabled by default. Therefore, database queries may be performed during view rendering. Explicitly configure spring.jpa.open-in-view to disable this warning
2026-04-23T06:44:03.845+05:30  INFO 26956 --- [interview-tracker] [restartedMain] o.s.s.web.DefaultSecurityFilterChain     : Will secure any request with [org.springframework.security.web.session.DisableEncodeUrlFilter@6a6a8ec7, org.springframework.security.web.context.request.async.WebAsyncManagerIntegrationFilter@9301336, org.springframework.security.web.context.SecurityContextHolderFilter@47c95953, org.springframework.security.web.header.HeaderWriterFilter@6d0bd2c8, org.springframework.web.filter.CorsFilter@b37aed3, org.springframework.security.web.authentication.logout.LogoutFilter@5fcffaa4, com.nucleusteq.interviewtracker.security.JwtFilter@72c35f8c, org.springframework.security.web.savedrequest.RequestCacheAwareFilter@136c0d15, org.springframework.security.web.servletapi.SecurityContextHolderAwareRequestFilter@18500647, org.springframework.security.web.authentication.AnonymousAuthenticationFilter@3fab727f, org.springframework.security.web.session.SessionManagementFilter@5e39959d, org.springframework.security.web.access.ExceptionTranslationFilter@17ba0664, org.springframework.security.web.access.intercept.AuthorizationFilter@4b351185]
2026-04-23T06:44:04.025+05:30  INFO 26956 --- [interview-tracker] [restartedMain] o.s.b.d.a.OptionalLiveReloadServer       : LiveReload server is running on port 35729
2026-04-23T06:44:04.066+05:30  INFO 26956 --- [interview-tracker] [restartedMain] o.s.b.w.embedded.tomcat.TomcatWebServer  : Tomcat started on port 8080 (http) with context path '/api'
2026-04-23T06:44:04.066+05:30  INFO 26956 --- [interview-tracker] [restartedMain] c.n.i.InterviewTrackerApplication        : Started InterviewTrackerApplication in 3.536 seconds (process running for 3.86)
2026-04-23T06:45:18.883+05:30  INFO 26956 --- [interview-tracker] [File Watcher] rtingClassPathChangeChangedEventListener : Restarting due to 1 class path change (1 addition, 0 deletions, 0 modifications)
2026-04-23T06:45:18.908+05:30  INFO 26956 --- [interview-tracker] [Thread-5] j.LocalContainerEntityManagerFactoryBean : Closing JPA EntityManagerFactory for persistence unit 'default'
2026-04-23T06:45:18.912+05:30  INFO 26956 --- [interview-tracker] [Thread-5] com.zaxxer.hikari.HikariDataSource       : HikariPool-1 - Shutdown initiated...
2026-04-23T06:45:18.912+05:30  INFO 26956 --- [interview-tracker] [Thread-5] com.zaxxer.hikari.HikariDataSource       : HikariPool-1 - Shutdown completed.
2026-04-23T06:45:19.000+05:30  INFO 26956 --- [interview-tracker] [restartedMain] c.n.i.InterviewTrackerApplication        : Starting InterviewTrackerApplication using Java 17.0.9 with PID 26956 (C:\Users\lenovo\nucleusteq-training\Capstone_InterviewTracker\backend\target\classes started by lenovo in C:\Users\lenovo\nucleusteq-training\Capstone_InterviewTracker\backend)
2026-04-23T06:45:19.009+05:30 DEBUG 26956 --- [interview-tracker] [restartedMain] c.n.i.InterviewTrackerApplication        : Running with Spring Boot v3.2.5, Spring v6.1.6
2026-04-23T06:45:19.010+05:30  INFO 26956 --- [interview-tracker] [restartedMain] c.n.i.InterviewTrackerApplication        : No active profile set, falling back to 1 default profile: "default"
2026-04-23T06:45:19.260+05:30  INFO 26956 --- [interview-tracker] [restartedMain] .s.d.r.c.RepositoryConfigurationDelegate : Bootstrapping Spring Data JPA repositories in DEFAULT mode.
2026-04-23T06:45:19.276+05:30  INFO 26956 --- [interview-tracker] [restartedMain] .s.d.r.c.RepositoryConfigurationDelegate : Finished Spring Data repository scanning in 13 ms. Found 1 JPA repository interface.
2026-04-23T06:45:19.427+05:30  INFO 26956 --- [interview-tracker] [restartedMain] o.s.b.w.embedded.tomcat.TomcatWebServer  : Tomcat initialized with port 8080 (http)
2026-04-23T06:45:19.427+05:30  INFO 26956 --- [interview-tracker] [restartedMain] o.apache.catalina.core.StandardService   : Starting service [Tomcat]
2026-04-23T06:45:19.427+05:30  INFO 26956 --- [interview-tracker] [restartedMain] o.apache.catalina.core.StandardEngine    : Starting Servlet engine: [Apache Tomcat/10.1.20]
2026-04-23T06:45:19.444+05:30  INFO 26956 --- [interview-tracker] [restartedMain] o.a.c.c.C.[Tomcat].[localhost].[/api]    : Initializing Spring embedded WebApplicationContext
2026-04-23T06:45:19.444+05:30  INFO 26956 --- [interview-tracker] [restartedMain] w.s.c.ServletWebServerApplicationContext : Root WebApplicationContext: initialization completed in 433 ms
2026-04-23T06:45:19.516+05:30  INFO 26956 --- [interview-tracker] [restartedMain] o.hibernate.jpa.internal.util.LogHelper  : HHH000204: Processing PersistenceUnitInfo [name: default]
2026-04-23T06:45:19.519+05:30  INFO 26956 --- [interview-tracker] [restartedMain] o.h.c.internal.RegionFactoryInitiator    : HHH000026: Second-level cache disabled
2026-04-23T06:45:19.525+05:30  INFO 26956 --- [interview-tracker] [restartedMain] o.s.o.j.p.SpringPersistenceUnitInfo      : No LoadTimeWeaver setup: ignoring JPA class transformer
2026-04-23T06:45:19.526+05:30  INFO 26956 --- [interview-tracker] [restartedMain] com.zaxxer.hikari.HikariDataSource       : HikariPool-2 - Starting...
2026-04-23T06:45:19.549+05:30  INFO 26956 --- [interview-tracker] [restartedMain] com.zaxxer.hikari.pool.HikariPool        : HikariPool-2 - Added connection org.postgresql.jdbc.PgConnection@c16f71b
2026-04-23T06:45:19.549+05:30  INFO 26956 --- [interview-tracker] [restartedMain] com.zaxxer.hikari.HikariDataSource       : HikariPool-2 - Start completed.
2026-04-23T06:45:19.563+05:30  WARN 26956 --- [interview-tracker] [restartedMain] org.hibernate.orm.deprecation            : HHH90000025: PostgreSQLDialect does not need to be specified explicitly using 'hibernate.dialect' (remove the property setting and it will be selected by default)
2026-04-23T06:45:19.780+05:30  INFO 26956 --- [interview-tracker] [restartedMain] o.h.e.t.j.p.i.JtaPlatformInitiator       : HHH000489: No JTA platform available (set 'hibernate.transaction.jta.platform' to enable JTA platform integration)
2026-04-23T06:45:19.882+05:30  INFO 26956 --- [interview-tracker] [restartedMain] j.LocalContainerEntityManagerFactoryBean : Initialized JPA EntityManagerFactory for persistence unit 'default'
2026-04-23T06:45:19.961+05:30 DEBUG 26956 --- [interview-tracker] [restartedMain] c.n.interviewtracker.security.JwtFilter  : Filter 'jwtFilter' configured for use
2026-04-23T06:45:19.999+05:30  WARN 26956 --- [interview-tracker] [restartedMain] JpaBaseConfiguration$JpaWebConfiguration : spring.jpa.open-in-view is enabled by default. Therefore, database queries may be performed during view rendering. Explicitly configure spring.jpa.open-in-view to disable this warning
2026-04-23T06:45:20.148+05:30  INFO 26956 --- [interview-tracker] [restartedMain] o.s.s.web.DefaultSecurityFilterChain     : Will secure any request with [org.springframework.security.web.session.DisableEncodeUrlFilter@25033421, org.springframework.security.web.context.request.async.WebAsyncManagerIntegrationFilter@57a3a27e, org.springframework.security.web.context.SecurityContextHolderFilter@7a1c0db8, org.springframework.security.web.header.HeaderWriterFilter@2e5c0a16, org.springframework.web.filter.CorsFilter@421c378, org.springframework.security.web.authentication.logout.LogoutFilter@4b9728af, com.nucleusteq.interviewtracker.security.JwtFilter@71e86f54, org.springframework.security.web.savedrequest.RequestCacheAwareFilter@6942469, org.springframework.security.web.servletapi.SecurityContextHolderAwareRequestFilter@48d68217, org.springframework.security.web.authentication.AnonymousAuthenticationFilter@7cbf862a, org.springframework.security.web.session.SessionManagementFilter@338556ce, org.springframework.security.web.access.ExceptionTranslationFilter@4ee64250, org.springframework.security.web.access.intercept.AuthorizationFilter@10bd0b75]
2026-04-23T06:45:20.283+05:30  INFO 26956 --- [interview-tracker] [restartedMain] o.s.b.d.a.OptionalLiveReloadServer       : LiveReload server is running on port 35729
2026-04-23T06:45:20.294+05:30  INFO 26956 --- [interview-tracker] [restartedMain] o.s.b.w.embedded.tomcat.TomcatWebServer  : Tomcat started on port 8080 (http) with context path '/api'
2026-04-23T06:45:20.294+05:30  INFO 26956 --- [interview-tracker] [restartedMain] c.n.i.InterviewTrackerApplication        : Started InterviewTrackerApplication in 1.319 seconds (process running for 80.086)
2026-04-23T06:45:20.636+05:30  INFO 26956 --- [interview-tracker] [restartedMain] c.n.interviewtracker.config.DataSeeder   : Default HR user created successfully. Email: hr@interviewtracker.com
2026-04-23T06:45:20.638+05:30  INFO 26956 --- [interview-tracker] [restartedMain] .ConditionEvaluationDeltaLoggingListener : Condition evaluation unchanged
2026-04-23T06:45:24.264+05:30  INFO 26956 --- [interview-tracker] [SpringApplicationShutdownHook] j.LocalContainerEntityManagerFactoryBean : Closing JPA EntityManagerFactory for persistence unit 'default'
2026-04-23T06:45:24.267+05:30  INFO 26956 --- [interview-tracker] [SpringApplicationShutdownHook] com.zaxxer.hikari.HikariDataSource       : HikariPool-2 - Shutdown initiated...
2026-04-23T06:45:24.267+05:30  INFO 26956 --- [interview-tracker] [SpringApplicationShutdownHook] com.zaxxer.hikari.HikariDataSource       : HikariPool-2 - Shutdown completed.
2026-04-23T06:45:38.663+05:30  INFO 16712 --- [interview-tracker] [restartedMain] c.n.i.InterviewTrackerApplication        : Starting InterviewTrackerApplication using Java 17.0.9 with PID 16712 (C:\Users\lenovo\nucleusteq-training\Capstone_InterviewTracker\backend\target\classes started by lenovo in C:\Users\lenovo\nucleusteq-training\Capstone_InterviewTracker\backend)
2026-04-23T06:45:38.664+05:30 DEBUG 16712 --- [interview-tracker] [restartedMain] c.n.i.InterviewTrackerApplication        : Running with Spring Boot v3.2.5, Spring v6.1.6
2026-04-23T06:45:38.665+05:30  INFO 16712 --- [interview-tracker] [restartedMain] c.n.i.InterviewTrackerApplication        : No active profile set, falling back to 1 default profile: "default"
2026-04-23T06:45:38.692+05:30  INFO 16712 --- [interview-tracker] [restartedMain] .e.DevToolsPropertyDefaultsPostProcessor : Devtools property defaults active! Set 'spring.devtools.add-properties' to 'false' to disable
2026-04-23T06:45:38.692+05:30  INFO 16712 --- [interview-tracker] [restartedMain] .e.DevToolsPropertyDefaultsPostProcessor : For additional web related logging consider setting the 'logging.level.web' property to 'DEBUG'
2026-04-23T06:45:39.176+05:30  INFO 16712 --- [interview-tracker] [restartedMain] .s.d.r.c.RepositoryConfigurationDelegate : Bootstrapping Spring Data JPA repositories in DEFAULT mode.
2026-04-23T06:45:39.229+05:30  INFO 16712 --- [interview-tracker] [restartedMain] .s.d.r.c.RepositoryConfigurationDelegate : Finished Spring Data repository scanning in 45 ms. Found 1 JPA repository interface.
2026-04-23T06:45:39.657+05:30  INFO 16712 --- [interview-tracker] [restartedMain] o.s.b.w.embedded.tomcat.TomcatWebServer  : Tomcat initialized with port 8080 (http)
2026-04-23T06:45:39.657+05:30  INFO 16712 --- [interview-tracker] [restartedMain] o.apache.catalina.core.StandardService   : Starting service [Tomcat]
2026-04-23T06:45:39.673+05:30  INFO 16712 --- [interview-tracker] [restartedMain] o.apache.catalina.core.StandardEngine    : Starting Servlet engine: [Apache Tomcat/10.1.20]
2026-04-23T06:45:39.709+05:30  INFO 16712 --- [interview-tracker] [restartedMain] o.a.c.c.C.[Tomcat].[localhost].[/api]    : Initializing Spring embedded WebApplicationContext
2026-04-23T06:45:39.709+05:30  INFO 16712 --- [interview-tracker] [restartedMain] w.s.c.ServletWebServerApplicationContext : Root WebApplicationContext: initialization completed in 1017 ms
2026-04-23T06:45:39.808+05:30  INFO 16712 --- [interview-tracker] [restartedMain] o.hibernate.jpa.internal.util.LogHelper  : HHH000204: Processing PersistenceUnitInfo [name: default]
2026-04-23T06:45:39.839+05:30  INFO 16712 --- [interview-tracker] [restartedMain] org.hibernate.Version                    : HHH000412: Hibernate ORM core version 6.4.4.Final
2026-04-23T06:45:39.865+05:30  INFO 16712 --- [interview-tracker] [restartedMain] o.h.c.internal.RegionFactoryInitiator    : HHH000026: Second-level cache disabled
2026-04-23T06:45:40.012+05:30  INFO 16712 --- [interview-tracker] [restartedMain] o.s.o.j.p.SpringPersistenceUnitInfo      : No LoadTimeWeaver setup: ignoring JPA class transformer
2026-04-23T06:45:40.031+05:30  INFO 16712 --- [interview-tracker] [restartedMain] com.zaxxer.hikari.HikariDataSource       : HikariPool-1 - Starting...
2026-04-23T06:45:40.129+05:30  INFO 16712 --- [interview-tracker] [restartedMain] com.zaxxer.hikari.pool.HikariPool        : HikariPool-1 - Added connection org.postgresql.jdbc.PgConnection@a4f8ede
2026-04-23T06:45:40.130+05:30  INFO 16712 --- [interview-tracker] [restartedMain] com.zaxxer.hikari.HikariDataSource       : HikariPool-1 - Start completed.
2026-04-23T06:45:40.148+05:30  WARN 16712 --- [interview-tracker] [restartedMain] org.hibernate.orm.deprecation            : HHH90000025: PostgreSQLDialect does not need to be specified explicitly using 'hibernate.dialect' (remove the property setting and it will be selected by default)
2026-04-23T06:45:40.915+05:30  INFO 16712 --- [interview-tracker] [restartedMain] o.h.e.t.j.p.i.JtaPlatformInitiator       : HHH000489: No JTA platform available (set 'hibernate.transaction.jta.platform' to enable JTA platform integration)
2026-04-23T06:45:41.026+05:30  INFO 16712 --- [interview-tracker] [restartedMain] j.LocalContainerEntityManagerFactoryBean : Initialized JPA EntityManagerFactory for persistence unit 'default'
2026-04-23T06:45:41.248+05:30 DEBUG 16712 --- [interview-tracker] [restartedMain] c.n.interviewtracker.security.JwtFilter  : Filter 'jwtFilter' configured for use
2026-04-23T06:45:41.318+05:30  WARN 16712 --- [interview-tracker] [restartedMain] JpaBaseConfiguration$JpaWebConfiguration : spring.jpa.open-in-view is enabled by default. Therefore, database queries may be performed during view rendering. Explicitly configure spring.jpa.open-in-view to disable this warning
2026-04-23T06:45:41.528+05:30  INFO 16712 --- [interview-tracker] [restartedMain] o.s.s.web.DefaultSecurityFilterChain     : Will secure any request with [org.springframework.security.web.session.DisableEncodeUrlFilter@5ec0baa0, org.springframework.security.web.context.request.async.WebAsyncManagerIntegrationFilter@5f0bb069, org.springframework.security.web.context.SecurityContextHolderFilter@3fc9d2a2, org.springframework.security.web.header.HeaderWriterFilter@68d04391, org.springframework.web.filter.CorsFilter@2f765a3b, org.springframework.security.web.authentication.logout.LogoutFilter@53c6405d, com.nucleusteq.interviewtracker.security.JwtFilter@a874985, org.springframework.security.web.savedrequest.RequestCacheAwareFilter@4b08f7b1, org.springframework.security.web.servletapi.SecurityContextHolderAwareRequestFilter@3c326fc3, org.springframework.security.web.authentication.AnonymousAuthenticationFilter@487b74af, org.springframework.security.web.session.SessionManagementFilter@1a8561c, org.springframework.security.web.access.ExceptionTranslationFilter@46a54cea, org.springframework.security.web.access.intercept.AuthorizationFilter@21141bda]
2026-04-23T06:45:41.716+05:30  INFO 16712 --- [interview-tracker] [restartedMain] o.s.b.d.a.OptionalLiveReloadServer       : LiveReload server is running on port 35729
2026-04-23T06:45:41.735+05:30  INFO 16712 --- [interview-tracker] [restartedMain] o.s.b.w.embedded.tomcat.TomcatWebServer  : Tomcat started on port 8080 (http) with context path '/api'
2026-04-23T06:45:41.747+05:30  INFO 16712 --- [interview-tracker] [restartedMain] c.n.i.InterviewTrackerApplication        : Started InterviewTrackerApplication in 3.347 seconds (process running for 3.606)
2026-04-23T06:45:41.826+05:30  INFO 16712 --- [interview-tracker] [restartedMain] c.n.interviewtracker.config.DataSeeder   : Default HR user already exists — skipping creation.
2026-04-23T06:57:36.797+05:30  INFO 16712 --- [interview-tracker] [http-nio-8080-exec-5] o.a.c.c.C.[Tomcat].[localhost].[/api]    : Initializing Spring DispatcherServlet 'dispatcherServlet'
2026-04-23T06:57:36.810+05:30  INFO 16712 --- [interview-tracker] [http-nio-8080-exec-5] o.s.web.servlet.DispatcherServlet        : Initializing Servlet 'dispatcherServlet'
2026-04-23T06:57:36.812+05:30  INFO 16712 --- [interview-tracker] [http-nio-8080-exec-5] o.s.web.servlet.DispatcherServlet        : Completed initialization in 0 ms
2026-04-23T08:03:19.626+05:30  WARN 16712 --- [interview-tracker] [HikariPool-1 housekeeper] com.zaxxer.hikari.pool.HikariPool        : HikariPool-1 - Thread starvation or clock leap detected (housekeeper delta=7m8s323ms664µs500ns).
2026-04-23T08:04:29.644+05:30  INFO 16712 --- [interview-tracker] [File Watcher] rtingClassPathChangeChangedEventListener : Restarting due to 1 class path change (1 addition, 0 deletions, 0 modifications)
2026-04-23T08:04:29.660+05:30  INFO 16712 --- [interview-tracker] [Thread-5] j.LocalContainerEntityManagerFactoryBean : Closing JPA EntityManagerFactory for persistence unit 'default'
2026-04-23T08:04:29.667+05:30  INFO 16712 --- [interview-tracker] [Thread-5] com.zaxxer.hikari.HikariDataSource       : HikariPool-1 - Shutdown initiated...
2026-04-23T08:04:29.675+05:30  INFO 16712 --- [interview-tracker] [Thread-5] com.zaxxer.hikari.HikariDataSource       : HikariPool-1 - Shutdown completed.
2026-04-23T08:04:29.744+05:30  INFO 16712 --- [interview-tracker] [restartedMain] c.n.i.InterviewTrackerApplication        : Starting InterviewTrackerApplication using Java 17.0.9 with PID 16712 (C:\Users\lenovo\nucleusteq-training\Capstone_InterviewTracker\backend\target\classes started by lenovo in C:\Users\lenovo\nucleusteq-training\Capstone_InterviewTracker\backend)
2026-04-23T08:04:29.744+05:30 DEBUG 16712 --- [interview-tracker] [restartedMain] c.n.i.InterviewTrackerApplication        : Running with Spring Boot v3.2.5, Spring v6.1.6
2026-04-23T08:04:29.744+05:30  INFO 16712 --- [interview-tracker] [restartedMain] c.n.i.InterviewTrackerApplication        : No active profile set, falling back to 1 default profile: "default"
2026-04-23T08:04:29.933+05:30  INFO 16712 --- [interview-tracker] [restartedMain] .s.d.r.c.RepositoryConfigurationDelegate : Bootstrapping Spring Data JPA repositories in DEFAULT mode.
2026-04-23T08:04:29.944+05:30  INFO 16712 --- [interview-tracker] [restartedMain] .s.d.r.c.RepositoryConfigurationDelegate : Finished Spring Data repository scanning in 8 ms. Found 1 JPA repository interface.
2026-04-23T08:04:30.053+05:30  INFO 16712 --- [interview-tracker] [restartedMain] o.s.b.w.embedded.tomcat.TomcatWebServer  : Tomcat initialized with port 8080 (http)
2026-04-23T08:04:30.053+05:30  INFO 16712 --- [interview-tracker] [restartedMain] o.apache.catalina.core.StandardService   : Starting service [Tomcat]
2026-04-23T08:04:30.054+05:30  INFO 16712 --- [interview-tracker] [restartedMain] o.apache.catalina.core.StandardEngine    : Starting Servlet engine: [Apache Tomcat/10.1.20]
2026-04-23T08:04:30.061+05:30  INFO 16712 --- [interview-tracker] [restartedMain] o.a.c.c.C.[Tomcat].[localhost].[/api]    : Initializing Spring embedded WebApplicationContext
2026-04-23T08:04:30.061+05:30  INFO 16712 --- [interview-tracker] [restartedMain] w.s.c.ServletWebServerApplicationContext : Root WebApplicationContext: initialization completed in 316 ms
2026-04-23T08:04:30.126+05:30  INFO 16712 --- [interview-tracker] [restartedMain] o.hibernate.jpa.internal.util.LogHelper  : HHH000204: Processing PersistenceUnitInfo [name: default]
2026-04-23T08:04:30.126+05:30  INFO 16712 --- [interview-tracker] [restartedMain] o.h.c.internal.RegionFactoryInitiator    : HHH000026: Second-level cache disabled
2026-04-23T08:04:30.134+05:30  INFO 16712 --- [interview-tracker] [restartedMain] o.s.o.j.p.SpringPersistenceUnitInfo      : No LoadTimeWeaver setup: ignoring JPA class transformer
2026-04-23T08:04:30.134+05:30  INFO 16712 --- [interview-tracker] [restartedMain] com.zaxxer.hikari.HikariDataSource       : HikariPool-2 - Starting...
2026-04-23T08:04:30.159+05:30  INFO 16712 --- [interview-tracker] [restartedMain] com.zaxxer.hikari.pool.HikariPool        : HikariPool-2 - Added connection org.postgresql.jdbc.PgConnection@6110fbd8
2026-04-23T08:04:30.159+05:30  INFO 16712 --- [interview-tracker] [restartedMain] com.zaxxer.hikari.HikariDataSource       : HikariPool-2 - Start completed.
2026-04-23T08:04:30.168+05:30  WARN 16712 --- [interview-tracker] [restartedMain] org.hibernate.orm.deprecation            : HHH90000025: PostgreSQLDialect does not need to be specified explicitly using 'hibernate.dialect' (remove the property setting and it will be selected by default)
2026-04-23T08:04:30.310+05:30  INFO 16712 --- [interview-tracker] [restartedMain] o.h.e.t.j.p.i.JtaPlatformInitiator       : HHH000489: No JTA platform available (set 'hibernate.transaction.jta.platform' to enable JTA platform integration)
2026-04-23T08:04:30.428+05:30  INFO 16712 --- [interview-tracker] [restartedMain] j.LocalContainerEntityManagerFactoryBean : Initialized JPA EntityManagerFactory for persistence unit 'default'
2026-04-23T08:04:30.487+05:30 DEBUG 16712 --- [interview-tracker] [restartedMain] c.n.interviewtracker.security.JwtFilter  : Filter 'jwtFilter' configured for use
2026-04-23T08:04:30.518+05:30  WARN 16712 --- [interview-tracker] [restartedMain] JpaBaseConfiguration$JpaWebConfiguration : spring.jpa.open-in-view is enabled by default. Therefore, database queries may be performed during view rendering. Explicitly configure spring.jpa.open-in-view to disable this warning
2026-04-23T08:04:30.621+05:30  INFO 16712 --- [interview-tracker] [restartedMain] o.s.s.web.DefaultSecurityFilterChain     : Will secure any request with [org.springframework.security.web.session.DisableEncodeUrlFilter@4dd8c919, org.springframework.security.web.context.request.async.WebAsyncManagerIntegrationFilter@20bb35c6, org.springframework.security.web.context.SecurityContextHolderFilter@60d15eca, org.springframework.security.web.header.HeaderWriterFilter@6fbf1e10, org.springframework.web.filter.CorsFilter@176b6981, org.springframework.security.web.authentication.logout.LogoutFilter@15845776, com.nucleusteq.interviewtracker.security.JwtFilter@768a2928, org.springframework.security.web.savedrequest.RequestCacheAwareFilter@1705478b, org.springframework.security.web.servletapi.SecurityContextHolderAwareRequestFilter@5d84e5, org.springframework.security.web.authentication.AnonymousAuthenticationFilter@6d37c3a0, org.springframework.security.web.session.SessionManagementFilter@364e9392, org.springframework.security.web.access.ExceptionTranslationFilter@75d05e6d, org.springframework.security.web.access.intercept.AuthorizationFilter@7a501ec2]
2026-04-23T08:04:30.702+05:30  INFO 16712 --- [interview-tracker] [restartedMain] o.s.b.d.a.OptionalLiveReloadServer       : LiveReload server is running on port 35729
2026-04-23T08:04:30.711+05:30  INFO 16712 --- [interview-tracker] [restartedMain] o.s.b.w.embedded.tomcat.TomcatWebServer  : Tomcat started on port 8080 (http) with context path '/api'
2026-04-23T08:04:30.716+05:30  INFO 16712 --- [interview-tracker] [restartedMain] c.n.i.InterviewTrackerApplication        : Started InterviewTrackerApplication in 1.0 seconds (process running for 4732.576)
2026-04-23T08:04:30.728+05:30  INFO 16712 --- [interview-tracker] [restartedMain] c.n.interviewtracker.config.DataSeeder   : Default HR user already exists — skipping creation.
2026-04-23T08:04:30.736+05:30  INFO 16712 --- [interview-tracker] [restartedMain] .ConditionEvaluationDeltaLoggingListener : Condition evaluation unchanged
2026-04-23T08:05:05.899+05:30  INFO 16712 --- [interview-tracker] [File Watcher] rtingClassPathChangeChangedEventListener : Restarting due to 1 class path change (1 addition, 0 deletions, 0 modifications)
2026-04-23T08:05:05.914+05:30  INFO 16712 --- [interview-tracker] [Thread-7] j.LocalContainerEntityManagerFactoryBean : Closing JPA EntityManagerFactory for persistence unit 'default'
2026-04-23T08:05:05.914+05:30  INFO 16712 --- [interview-tracker] [Thread-7] com.zaxxer.hikari.HikariDataSource       : HikariPool-2 - Shutdown initiated...
2026-04-23T08:05:05.929+05:30  INFO 16712 --- [interview-tracker] [Thread-7] com.zaxxer.hikari.HikariDataSource       : HikariPool-2 - Shutdown completed.
2026-04-23T08:05:05.998+05:30  INFO 16712 --- [interview-tracker] [restartedMain] c.n.i.InterviewTrackerApplication        : Starting InterviewTrackerApplication using Java 17.0.9 with PID 16712 (C:\Users\lenovo\nucleusteq-training\Capstone_InterviewTracker\backend\target\classes started by lenovo in C:\Users\lenovo\nucleusteq-training\Capstone_InterviewTracker\backend)
2026-04-23T08:05:05.998+05:30 DEBUG 16712 --- [interview-tracker] [restartedMain] c.n.i.InterviewTrackerApplication        : Running with Spring Boot v3.2.5, Spring v6.1.6
2026-04-23T08:05:05.998+05:30  INFO 16712 --- [interview-tracker] [restartedMain] c.n.i.InterviewTrackerApplication        : No active profile set, falling back to 1 default profile: "default"
2026-04-23T08:05:06.120+05:30  INFO 16712 --- [interview-tracker] [restartedMain] .s.d.r.c.RepositoryConfigurationDelegate : Bootstrapping Spring Data JPA repositories in DEFAULT mode.
2026-04-23T08:05:06.130+05:30  INFO 16712 --- [interview-tracker] [restartedMain] .s.d.r.c.RepositoryConfigurationDelegate : Finished Spring Data repository scanning in 8 ms. Found 1 JPA repository interface.
2026-04-23T08:05:06.221+05:30  INFO 16712 --- [interview-tracker] [restartedMain] o.s.b.w.embedded.tomcat.TomcatWebServer  : Tomcat initialized with port 8080 (http)
2026-04-23T08:05:06.221+05:30  INFO 16712 --- [interview-tracker] [restartedMain] o.apache.catalina.core.StandardService   : Starting service [Tomcat]
2026-04-23T08:05:06.221+05:30  INFO 16712 --- [interview-tracker] [restartedMain] o.apache.catalina.core.StandardEngine    : Starting Servlet engine: [Apache Tomcat/10.1.20]
2026-04-23T08:05:06.234+05:30  INFO 16712 --- [interview-tracker] [restartedMain] o.a.c.c.C.[Tomcat].[localhost].[/api]    : Initializing Spring embedded WebApplicationContext
2026-04-23T08:05:06.234+05:30  INFO 16712 --- [interview-tracker] [restartedMain] w.s.c.ServletWebServerApplicationContext : Root WebApplicationContext: initialization completed in 236 ms
2026-04-23T08:05:06.267+05:30  INFO 16712 --- [interview-tracker] [restartedMain] o.hibernate.jpa.internal.util.LogHelper  : HHH000204: Processing PersistenceUnitInfo [name: default]
2026-04-23T08:05:06.276+05:30  INFO 16712 --- [interview-tracker] [restartedMain] o.h.c.internal.RegionFactoryInitiator    : HHH000026: Second-level cache disabled
2026-04-23T08:05:06.276+05:30  INFO 16712 --- [interview-tracker] [restartedMain] o.s.o.j.p.SpringPersistenceUnitInfo      : No LoadTimeWeaver setup: ignoring JPA class transformer
2026-04-23T08:05:06.276+05:30  INFO 16712 --- [interview-tracker] [restartedMain] com.zaxxer.hikari.HikariDataSource       : HikariPool-3 - Starting...
2026-04-23T08:05:06.446+05:30  INFO 16712 --- [interview-tracker] [restartedMain] com.zaxxer.hikari.pool.HikariPool        : HikariPool-3 - Added connection org.postgresql.jdbc.PgConnection@4c7513a0
2026-04-23T08:05:06.453+05:30  INFO 16712 --- [interview-tracker] [restartedMain] com.zaxxer.hikari.HikariDataSource       : HikariPool-3 - Start completed.
2026-04-23T08:05:06.460+05:30  WARN 16712 --- [interview-tracker] [restartedMain] org.hibernate.orm.deprecation            : HHH90000025: PostgreSQLDialect does not need to be specified explicitly using 'hibernate.dialect' (remove the property setting and it will be selected by default)
2026-04-23T08:05:06.578+05:30  INFO 16712 --- [interview-tracker] [restartedMain] o.h.e.t.j.p.i.JtaPlatformInitiator       : HHH000489: No JTA platform available (set 'hibernate.transaction.jta.platform' to enable JTA platform integration)
2026-04-23T08:05:06.676+05:30  INFO 16712 --- [interview-tracker] [restartedMain] j.LocalContainerEntityManagerFactoryBean : Initialized JPA EntityManagerFactory for persistence unit 'default'
2026-04-23T08:05:06.730+05:30 DEBUG 16712 --- [interview-tracker] [restartedMain] c.n.interviewtracker.security.JwtFilter  : Filter 'jwtFilter' configured for use
2026-04-23T08:05:06.754+05:30  WARN 16712 --- [interview-tracker] [restartedMain] JpaBaseConfiguration$JpaWebConfiguration : spring.jpa.open-in-view is enabled by default. Therefore, database queries may be performed during view rendering. Explicitly configure spring.jpa.open-in-view to disable this warning
2026-04-23T08:05:06.869+05:30  INFO 16712 --- [interview-tracker] [restartedMain] o.s.s.web.DefaultSecurityFilterChain     : Will secure any request with [org.springframework.security.web.session.DisableEncodeUrlFilter@2b5b3f63, org.springframework.security.web.context.request.async.WebAsyncManagerIntegrationFilter@e9ce78, org.springframework.security.web.context.SecurityContextHolderFilter@4805d3d7, org.springframework.security.web.header.HeaderWriterFilter@43207527, org.springframework.web.filter.CorsFilter@76945a66, org.springframework.security.web.authentication.logout.LogoutFilter@7b5958d, com.nucleusteq.interviewtracker.security.JwtFilter@52792db4, org.springframework.security.web.savedrequest.RequestCacheAwareFilter@28dc4a85, org.springframework.security.web.servletapi.SecurityContextHolderAwareRequestFilter@68958bf4, org.springframework.security.web.authentication.AnonymousAuthenticationFilter@33977d26, org.springframework.security.web.session.SessionManagementFilter@794e0355, org.springframework.security.web.access.ExceptionTranslationFilter@7732f17b, org.springframework.security.web.access.intercept.AuthorizationFilter@97987fd]
2026-04-23T08:05:06.966+05:30  INFO 16712 --- [interview-tracker] [restartedMain] o.s.b.d.a.OptionalLiveReloadServer       : LiveReload server is running on port 35729
2026-04-23T08:05:06.985+05:30  INFO 16712 --- [interview-tracker] [restartedMain] o.s.b.w.embedded.tomcat.TomcatWebServer  : Tomcat started on port 8080 (http) with context path '/api'
2026-04-23T08:05:06.988+05:30  INFO 16712 --- [interview-tracker] [restartedMain] c.n.i.InterviewTrackerApplication        : Started InterviewTrackerApplication in 1.013 seconds (process running for 4768.851)
2026-04-23T08:05:07.009+05:30  INFO 16712 --- [interview-tracker] [restartedMain] c.n.interviewtracker.config.DataSeeder   : Default HR user already exists — skipping creation.
2026-04-23T08:05:07.011+05:30  INFO 16712 --- [interview-tracker] [restartedMain] .ConditionEvaluationDeltaLoggingListener : Condition evaluation unchanged
2026-04-23T08:05:25.760+05:30  INFO 16712 --- [interview-tracker] [File Watcher] rtingClassPathChangeChangedEventListener : Restarting due to 1 class path change (0 additions, 0 deletions, 1 modification)
2026-04-23T08:05:25.784+05:30  INFO 16712 --- [interview-tracker] [Thread-11] j.LocalContainerEntityManagerFactoryBean : Closing JPA EntityManagerFactory for persistence unit 'default'
2026-04-23T08:05:25.785+05:30  INFO 16712 --- [interview-tracker] [Thread-11] com.zaxxer.hikari.HikariDataSource       : HikariPool-3 - Shutdown initiated...
2026-04-23T08:05:25.792+05:30  INFO 16712 --- [interview-tracker] [Thread-11] com.zaxxer.hikari.HikariDataSource       : HikariPool-3 - Shutdown completed.
2026-04-23T08:05:25.908+05:30  INFO 16712 --- [interview-tracker] [restartedMain] c.n.i.InterviewTrackerApplication        : Starting InterviewTrackerApplication using Java 17.0.9 with PID 16712 (C:\Users\lenovo\nucleusteq-training\Capstone_InterviewTracker\backend\target\classes started by lenovo in C:\Users\lenovo\nucleusteq-training\Capstone_InterviewTracker\backend)
2026-04-23T08:05:25.912+05:30 DEBUG 16712 --- [interview-tracker] [restartedMain] c.n.i.InterviewTrackerApplication        : Running with Spring Boot v3.2.5, Spring v6.1.6
2026-04-23T08:05:25.912+05:30  INFO 16712 --- [interview-tracker] [restartedMain] c.n.i.InterviewTrackerApplication        : No active profile set, falling back to 1 default profile: "default"
2026-04-23T08:05:26.209+05:30  INFO 16712 --- [interview-tracker] [restartedMain] .s.d.r.c.RepositoryConfigurationDelegate : Bootstrapping Spring Data JPA repositories in DEFAULT mode.
2026-04-23T08:05:26.234+05:30  INFO 16712 --- [interview-tracker] [restartedMain] .s.d.r.c.RepositoryConfigurationDelegate : Finished Spring Data repository scanning in 19 ms. Found 1 JPA repository interface.
2026-04-23T08:05:26.441+05:30  INFO 16712 --- [interview-tracker] [restartedMain] o.s.b.w.embedded.tomcat.TomcatWebServer  : Tomcat initialized with port 8080 (http)
2026-04-23T08:05:26.449+05:30  INFO 16712 --- [interview-tracker] [restartedMain] o.apache.catalina.core.StandardService   : Starting service [Tomcat]
2026-04-23T08:05:26.450+05:30  INFO 16712 --- [interview-tracker] [restartedMain] o.apache.catalina.core.StandardEngine    : Starting Servlet engine: [Apache Tomcat/10.1.20]
2026-04-23T08:05:26.483+05:30  INFO 16712 --- [interview-tracker] [restartedMain] o.a.c.c.C.[Tomcat].[localhost].[/api]    : Initializing Spring embedded WebApplicationContext
2026-04-23T08:05:26.484+05:30  INFO 16712 --- [interview-tracker] [restartedMain] w.s.c.ServletWebServerApplicationContext : Root WebApplicationContext: initialization completed in 569 ms
2026-04-23T08:05:26.577+05:30  INFO 16712 --- [interview-tracker] [restartedMain] o.hibernate.jpa.internal.util.LogHelper  : HHH000204: Processing PersistenceUnitInfo [name: default]
2026-04-23T08:05:26.577+05:30  INFO 16712 --- [interview-tracker] [restartedMain] o.h.c.internal.RegionFactoryInitiator    : HHH000026: Second-level cache disabled
2026-04-23T08:05:26.591+05:30  INFO 16712 --- [interview-tracker] [restartedMain] o.s.o.j.p.SpringPersistenceUnitInfo      : No LoadTimeWeaver setup: ignoring JPA class transformer
2026-04-23T08:05:26.591+05:30  INFO 16712 --- [interview-tracker] [restartedMain] com.zaxxer.hikari.HikariDataSource       : HikariPool-4 - Starting...
2026-04-23T08:05:26.625+05:30  INFO 16712 --- [interview-tracker] [restartedMain] com.zaxxer.hikari.pool.HikariPool        : HikariPool-4 - Added connection org.postgresql.jdbc.PgConnection@d8d0edd
2026-04-23T08:05:26.632+05:30  INFO 16712 --- [interview-tracker] [restartedMain] com.zaxxer.hikari.HikariDataSource       : HikariPool-4 - Start completed.
2026-04-23T08:05:26.646+05:30  WARN 16712 --- [interview-tracker] [restartedMain] org.hibernate.orm.deprecation            : HHH90000025: PostgreSQLDialect does not need to be specified explicitly using 'hibernate.dialect' (remove the property setting and it will be selected by default)
2026-04-23T08:05:26.901+05:30  INFO 16712 --- [interview-tracker] [restartedMain] o.h.e.t.j.p.i.JtaPlatformInitiator       : HHH000489: No JTA platform available (set 'hibernate.transaction.jta.platform' to enable JTA platform integration)
2026-04-23T08:05:27.045+05:30  INFO 16712 --- [interview-tracker] [restartedMain] j.LocalContainerEntityManagerFactoryBean : Initialized JPA EntityManagerFactory for persistence unit 'default'
2026-04-23T08:05:27.177+05:30 DEBUG 16712 --- [interview-tracker] [restartedMain] c.n.interviewtracker.security.JwtFilter  : Filter 'jwtFilter' configured for use
2026-04-23T08:05:27.255+05:30  WARN 16712 --- [interview-tracker] [restartedMain] JpaBaseConfiguration$JpaWebConfiguration : spring.jpa.open-in-view is enabled by default. Therefore, database queries may be performed during view rendering. Explicitly configure spring.jpa.open-in-view to disable this warning
2026-04-23T08:05:27.558+05:30  INFO 16712 --- [interview-tracker] [restartedMain] o.s.s.web.DefaultSecurityFilterChain     : Will secure any request with [org.springframework.security.web.session.DisableEncodeUrlFilter@6bec05a3, org.springframework.security.web.context.request.async.WebAsyncManagerIntegrationFilter@5fb31511, org.springframework.security.web.context.SecurityContextHolderFilter@403b61a5, org.springframework.security.web.header.HeaderWriterFilter@59cf8cf9, org.springframework.web.filter.CorsFilter@4b36772a, org.springframework.security.web.authentication.logout.LogoutFilter@651a3e39, com.nucleusteq.interviewtracker.security.JwtFilter@1f4af9ca, org.springframework.security.web.savedrequest.RequestCacheAwareFilter@57040f30, org.springframework.security.web.servletapi.SecurityContextHolderAwareRequestFilter@7209f96d, org.springframework.security.web.authentication.AnonymousAuthenticationFilter@1886d41e, org.springframework.security.web.session.SessionManagementFilter@756f2bb4, org.springframework.security.web.access.ExceptionTranslationFilter@66de3ecc, org.springframework.security.web.access.intercept.AuthorizationFilter@2f6f818b]
2026-04-23T08:05:27.741+05:30  INFO 16712 --- [interview-tracker] [restartedMain] o.s.b.d.a.OptionalLiveReloadServer       : LiveReload server is running on port 35729
2026-04-23T08:05:27.758+05:30  INFO 16712 --- [interview-tracker] [restartedMain] o.s.b.w.embedded.tomcat.TomcatWebServer  : Tomcat started on port 8080 (http) with context path '/api'
2026-04-23T08:05:27.767+05:30  INFO 16712 --- [interview-tracker] [restartedMain] c.n.i.InterviewTrackerApplication        : Started InterviewTrackerApplication in 1.908 seconds (process running for 4789.628)
2026-04-23T08:05:27.817+05:30  INFO 16712 --- [interview-tracker] [restartedMain] c.n.interviewtracker.config.DataSeeder   : Default HR user already exists — skipping creation.
2026-04-23T08:05:27.817+05:30  INFO 16712 --- [interview-tracker] [restartedMain] .ConditionEvaluationDeltaLoggingListener : Condition evaluation unchanged
2026-04-23T08:06:03.882+05:30  INFO 16712 --- [interview-tracker] [File Watcher] rtingClassPathChangeChangedEventListener : Restarting due to 1 class path change (1 addition, 0 deletions, 0 modifications)
2026-04-23T08:06:03.915+05:30  INFO 16712 --- [interview-tracker] [Thread-15] j.LocalContainerEntityManagerFactoryBean : Closing JPA EntityManagerFactory for persistence unit 'default'
2026-04-23T08:06:03.916+05:30  INFO 16712 --- [interview-tracker] [Thread-15] com.zaxxer.hikari.HikariDataSource       : HikariPool-4 - Shutdown initiated...
2026-04-23T08:06:03.921+05:30  INFO 16712 --- [interview-tracker] [Thread-15] com.zaxxer.hikari.HikariDataSource       : HikariPool-4 - Shutdown completed.
2026-04-23T08:06:04.045+05:30  INFO 16712 --- [interview-tracker] [restartedMain] c.n.i.InterviewTrackerApplication        : Starting InterviewTrackerApplication using Java 17.0.9 with PID 16712 (C:\Users\lenovo\nucleusteq-training\Capstone_InterviewTracker\backend\target\classes started by lenovo in C:\Users\lenovo\nucleusteq-training\Capstone_InterviewTracker\backend)
2026-04-23T08:06:04.045+05:30 DEBUG 16712 --- [interview-tracker] [restartedMain] c.n.i.InterviewTrackerApplication        : Running with Spring Boot v3.2.5, Spring v6.1.6
2026-04-23T08:06:04.045+05:30  INFO 16712 --- [interview-tracker] [restartedMain] c.n.i.InterviewTrackerApplication        : No active profile set, falling back to 1 default profile: "default"
2026-04-23T08:06:04.325+05:30  INFO 16712 --- [interview-tracker] [restartedMain] .s.d.r.c.RepositoryConfigurationDelegate : Bootstrapping Spring Data JPA repositories in DEFAULT mode.
2026-04-23T08:06:04.350+05:30  INFO 16712 --- [interview-tracker] [restartedMain] .s.d.r.c.RepositoryConfigurationDelegate : Finished Spring Data repository scanning in 20 ms. Found 2 JPA repository interfaces.
2026-04-23T08:06:04.560+05:30  INFO 16712 --- [interview-tracker] [restartedMain] o.s.b.w.embedded.tomcat.TomcatWebServer  : Tomcat initialized with port 8080 (http)
2026-04-23T08:06:04.560+05:30  INFO 16712 --- [interview-tracker] [restartedMain] o.apache.catalina.core.StandardService   : Starting service [Tomcat]
2026-04-23T08:06:04.560+05:30  INFO 16712 --- [interview-tracker] [restartedMain] o.apache.catalina.core.StandardEngine    : Starting Servlet engine: [Apache Tomcat/10.1.20]
2026-04-23T08:06:04.586+05:30  INFO 16712 --- [interview-tracker] [restartedMain] o.a.c.c.C.[Tomcat].[localhost].[/api]    : Initializing Spring embedded WebApplicationContext
2026-04-23T08:06:04.586+05:30  INFO 16712 --- [interview-tracker] [restartedMain] w.s.c.ServletWebServerApplicationContext : Root WebApplicationContext: initialization completed in 535 ms
2026-04-23T08:06:04.695+05:30  INFO 16712 --- [interview-tracker] [restartedMain] o.hibernate.jpa.internal.util.LogHelper  : HHH000204: Processing PersistenceUnitInfo [name: default]
2026-04-23T08:06:04.719+05:30  INFO 16712 --- [interview-tracker] [restartedMain] o.h.c.internal.RegionFactoryInitiator    : HHH000026: Second-level cache disabled
2026-04-23T08:06:04.728+05:30  INFO 16712 --- [interview-tracker] [restartedMain] o.s.o.j.p.SpringPersistenceUnitInfo      : No LoadTimeWeaver setup: ignoring JPA class transformer
2026-04-23T08:06:04.728+05:30  INFO 16712 --- [interview-tracker] [restartedMain] com.zaxxer.hikari.HikariDataSource       : HikariPool-5 - Starting...
2026-04-23T08:06:04.761+05:30  INFO 16712 --- [interview-tracker] [restartedMain] com.zaxxer.hikari.pool.HikariPool        : HikariPool-5 - Added connection org.postgresql.jdbc.PgConnection@5003814f
2026-04-23T08:06:04.761+05:30  INFO 16712 --- [interview-tracker] [restartedMain] com.zaxxer.hikari.HikariDataSource       : HikariPool-5 - Start completed.
2026-04-23T08:06:04.772+05:30  WARN 16712 --- [interview-tracker] [restartedMain] org.hibernate.orm.deprecation            : HHH90000025: PostgreSQLDialect does not need to be specified explicitly using 'hibernate.dialect' (remove the property setting and it will be selected by default)
2026-04-23T08:06:05.019+05:30  INFO 16712 --- [interview-tracker] [restartedMain] o.h.e.t.j.p.i.JtaPlatformInitiator       : HHH000489: No JTA platform available (set 'hibernate.transaction.jta.platform' to enable JTA platform integration)
2026-04-23T08:06:05.127+05:30  INFO 16712 --- [interview-tracker] [restartedMain] j.LocalContainerEntityManagerFactoryBean : Initialized JPA EntityManagerFactory for persistence unit 'default'
2026-04-23T08:06:05.255+05:30 DEBUG 16712 --- [interview-tracker] [restartedMain] c.n.interviewtracker.security.JwtFilter  : Filter 'jwtFilter' configured for use
2026-04-23T08:06:05.311+05:30  WARN 16712 --- [interview-tracker] [restartedMain] JpaBaseConfiguration$JpaWebConfiguration : spring.jpa.open-in-view is enabled by default. Therefore, database queries may be performed during view rendering. Explicitly configure spring.jpa.open-in-view to disable this warning
2026-04-23T08:06:05.526+05:30  INFO 16712 --- [interview-tracker] [restartedMain] o.s.s.web.DefaultSecurityFilterChain     : Will secure any request with [org.springframework.security.web.session.DisableEncodeUrlFilter@38175ddc, org.springframework.security.web.context.request.async.WebAsyncManagerIntegrationFilter@7980a00f, org.springframework.security.web.context.SecurityContextHolderFilter@67ba9cb9, org.springframework.security.web.header.HeaderWriterFilter@5b758603, org.springframework.web.filter.CorsFilter@292c0ec0, org.springframework.security.web.authentication.logout.LogoutFilter@4b7154ed, com.nucleusteq.interviewtracker.security.JwtFilter@94777c0, org.springframework.security.web.savedrequest.RequestCacheAwareFilter@667ae5f4, org.springframework.security.web.servletapi.SecurityContextHolderAwareRequestFilter@11c832a6, org.springframework.security.web.authentication.AnonymousAuthenticationFilter@4330500c, org.springframework.security.web.session.SessionManagementFilter@1f5edc40, org.springframework.security.web.access.ExceptionTranslationFilter@2fe5d49e, org.springframework.security.web.access.intercept.AuthorizationFilter@2a180dc4]
2026-04-23T08:06:05.735+05:30  INFO 16712 --- [interview-tracker] [restartedMain] o.s.b.d.a.OptionalLiveReloadServer       : LiveReload server is running on port 35729
2026-04-23T08:06:05.758+05:30  INFO 16712 --- [interview-tracker] [restartedMain] o.s.b.w.embedded.tomcat.TomcatWebServer  : Tomcat started on port 8080 (http) with context path '/api'
2026-04-23T08:06:05.768+05:30  INFO 16712 --- [interview-tracker] [restartedMain] c.n.i.InterviewTrackerApplication        : Started InterviewTrackerApplication in 1.772 seconds (process running for 4827.627)
2026-04-23T08:06:05.808+05:30  INFO 16712 --- [interview-tracker] [restartedMain] c.n.interviewtracker.config.DataSeeder   : Default HR user already exists — skipping creation.
2026-04-23T08:06:05.808+05:30  INFO 16712 --- [interview-tracker] [restartedMain] .ConditionEvaluationDeltaLoggingListener : Condition evaluation unchanged
2026-04-23T08:07:09.657+05:30  INFO 16712 --- [interview-tracker] [File Watcher] rtingClassPathChangeChangedEventListener : Restarting due to 1 class path change (1 addition, 0 deletions, 0 modifications)
2026-04-23T08:07:09.681+05:30  INFO 16712 --- [interview-tracker] [Thread-19] j.LocalContainerEntityManagerFactoryBean : Closing JPA EntityManagerFactory for persistence unit 'default'
2026-04-23T08:07:09.681+05:30  INFO 16712 --- [interview-tracker] [Thread-19] com.zaxxer.hikari.HikariDataSource       : HikariPool-5 - Shutdown initiated...
2026-04-23T08:07:09.687+05:30  INFO 16712 --- [interview-tracker] [Thread-19] com.zaxxer.hikari.HikariDataSource       : HikariPool-5 - Shutdown completed.
2026-04-23T08:07:09.795+05:30  INFO 16712 --- [interview-tracker] [restartedMain] c.n.i.InterviewTrackerApplication        : Starting InterviewTrackerApplication using Java 17.0.9 with PID 16712 (C:\Users\lenovo\nucleusteq-training\Capstone_InterviewTracker\backend\target\classes started by lenovo in C:\Users\lenovo\nucleusteq-training\Capstone_InterviewTracker\backend)
2026-04-23T08:07:09.796+05:30 DEBUG 16712 --- [interview-tracker] [restartedMain] c.n.i.InterviewTrackerApplication        : Running with Spring Boot v3.2.5, Spring v6.1.6
2026-04-23T08:07:09.796+05:30  INFO 16712 --- [interview-tracker] [restartedMain] c.n.i.InterviewTrackerApplication        : No active profile set, falling back to 1 default profile: "default"
2026-04-23T08:07:10.074+05:30  INFO 16712 --- [interview-tracker] [restartedMain] .s.d.r.c.RepositoryConfigurationDelegate : Bootstrapping Spring Data JPA repositories in DEFAULT mode.
2026-04-23T08:07:10.094+05:30  INFO 16712 --- [interview-tracker] [restartedMain] .s.d.r.c.RepositoryConfigurationDelegate : Finished Spring Data repository scanning in 22 ms. Found 2 JPA repository interfaces.
2026-04-23T08:07:10.284+05:30  INFO 16712 --- [interview-tracker] [restartedMain] o.s.b.w.embedded.tomcat.TomcatWebServer  : Tomcat initialized with port 8080 (http)
2026-04-23T08:07:10.284+05:30  INFO 16712 --- [interview-tracker] [restartedMain] o.apache.catalina.core.StandardService   : Starting service [Tomcat]
2026-04-23T08:07:10.284+05:30  INFO 16712 --- [interview-tracker] [restartedMain] o.apache.catalina.core.StandardEngine    : Starting Servlet engine: [Apache Tomcat/10.1.20]
2026-04-23T08:07:10.309+05:30  INFO 16712 --- [interview-tracker] [restartedMain] o.a.c.c.C.[Tomcat].[localhost].[/api]    : Initializing Spring embedded WebApplicationContext
2026-04-23T08:07:10.309+05:30  INFO 16712 --- [interview-tracker] [restartedMain] w.s.c.ServletWebServerApplicationContext : Root WebApplicationContext: initialization completed in 510 ms
2026-04-23T08:07:10.458+05:30  INFO 16712 --- [interview-tracker] [restartedMain] o.hibernate.jpa.internal.util.LogHelper  : HHH000204: Processing PersistenceUnitInfo [name: default]
2026-04-23T08:07:10.458+05:30  INFO 16712 --- [interview-tracker] [restartedMain] o.h.c.internal.RegionFactoryInitiator    : HHH000026: Second-level cache disabled
2026-04-23T08:07:10.467+05:30  INFO 16712 --- [interview-tracker] [restartedMain] o.s.o.j.p.SpringPersistenceUnitInfo      : No LoadTimeWeaver setup: ignoring JPA class transformer
2026-04-23T08:07:10.475+05:30  INFO 16712 --- [interview-tracker] [restartedMain] com.zaxxer.hikari.HikariDataSource       : HikariPool-6 - Starting...
2026-04-23T08:07:10.507+05:30  INFO 16712 --- [interview-tracker] [restartedMain] com.zaxxer.hikari.pool.HikariPool        : HikariPool-6 - Added connection org.postgresql.jdbc.PgConnection@26b942df
2026-04-23T08:07:10.507+05:30  INFO 16712 --- [interview-tracker] [restartedMain] com.zaxxer.hikari.HikariDataSource       : HikariPool-6 - Start completed.
2026-04-23T08:07:10.514+05:30  WARN 16712 --- [interview-tracker] [restartedMain] org.hibernate.orm.deprecation            : HHH90000025: PostgreSQLDialect does not need to be specified explicitly using 'hibernate.dialect' (remove the property setting and it will be selected by default)
2026-04-23T08:07:10.774+05:30  INFO 16712 --- [interview-tracker] [restartedMain] o.h.e.t.j.p.i.JtaPlatformInitiator       : HHH000489: No JTA platform available (set 'hibernate.transaction.jta.platform' to enable JTA platform integration)
2026-04-23T08:07:10.881+05:30  INFO 16712 --- [interview-tracker] [restartedMain] j.LocalContainerEntityManagerFactoryBean : Initialized JPA EntityManagerFactory for persistence unit 'default'
2026-04-23T08:07:11.008+05:30 DEBUG 16712 --- [interview-tracker] [restartedMain] c.n.interviewtracker.security.JwtFilter  : Filter 'jwtFilter' configured for use
2026-04-23T08:07:11.182+05:30  WARN 16712 --- [interview-tracker] [restartedMain] JpaBaseConfiguration$JpaWebConfiguration : spring.jpa.open-in-view is enabled by default. Therefore, database queries may be performed during view rendering. Explicitly configure spring.jpa.open-in-view to disable this warning
2026-04-23T08:07:11.389+05:30  INFO 16712 --- [interview-tracker] [restartedMain] o.s.s.web.DefaultSecurityFilterChain     : Will secure any request with [org.springframework.security.web.session.DisableEncodeUrlFilter@1fcd7a2c, org.springframework.security.web.context.request.async.WebAsyncManagerIntegrationFilter@5f275422, org.springframework.security.web.context.SecurityContextHolderFilter@770ddc03, org.springframework.security.web.header.HeaderWriterFilter@5578fe26, org.springframework.web.filter.CorsFilter@35c5e1d0, org.springframework.security.web.authentication.logout.LogoutFilter@6ffd6c7f, com.nucleusteq.interviewtracker.security.JwtFilter@3d4fad31, org.springframework.security.web.savedrequest.RequestCacheAwareFilter@28c161c9, org.springframework.security.web.servletapi.SecurityContextHolderAwareRequestFilter@3ada2339, org.springframework.security.web.authentication.AnonymousAuthenticationFilter@15afb6ce, org.springframework.security.web.session.SessionManagementFilter@958b8eb, org.springframework.security.web.access.ExceptionTranslationFilter@6457689b, org.springframework.security.web.access.intercept.AuthorizationFilter@1b5763ad]
2026-04-23T08:07:11.557+05:30  INFO 16712 --- [interview-tracker] [restartedMain] o.s.b.d.a.OptionalLiveReloadServer       : LiveReload server is running on port 35729
2026-04-23T08:07:11.585+05:30  INFO 16712 --- [interview-tracker] [restartedMain] o.s.b.w.embedded.tomcat.TomcatWebServer  : Tomcat started on port 8080 (http) with context path '/api'
2026-04-23T08:07:11.593+05:30  INFO 16712 --- [interview-tracker] [restartedMain] c.n.i.InterviewTrackerApplication        : Started InterviewTrackerApplication in 1.837 seconds (process running for 4893.454)
2026-04-23T08:07:11.641+05:30  INFO 16712 --- [interview-tracker] [restartedMain] c.n.interviewtracker.config.DataSeeder   : Default HR user already exists — skipping creation.
2026-04-23T08:07:11.641+05:30  INFO 16712 --- [interview-tracker] [restartedMain] .ConditionEvaluationDeltaLoggingListener : Condition evaluation unchanged
2026-04-23T08:08:26.756+05:30  INFO 16712 --- [interview-tracker] [File Watcher] rtingClassPathChangeChangedEventListener : Restarting due to 1 class path change (1 addition, 0 deletions, 0 modifications)
2026-04-23T08:08:26.787+05:30  INFO 16712 --- [interview-tracker] [Thread-23] j.LocalContainerEntityManagerFactoryBean : Closing JPA EntityManagerFactory for persistence unit 'default'
2026-04-23T08:08:26.788+05:30  INFO 16712 --- [interview-tracker] [Thread-23] com.zaxxer.hikari.HikariDataSource       : HikariPool-6 - Shutdown initiated...
2026-04-23T08:08:26.796+05:30  INFO 16712 --- [interview-tracker] [Thread-23] com.zaxxer.hikari.HikariDataSource       : HikariPool-6 - Shutdown completed.
2026-04-23T08:08:26.914+05:30  INFO 16712 --- [interview-tracker] [restartedMain] c.n.i.InterviewTrackerApplication        : Starting InterviewTrackerApplication using Java 17.0.9 with PID 16712 (C:\Users\lenovo\nucleusteq-training\Capstone_InterviewTracker\backend\target\classes started by lenovo in C:\Users\lenovo\nucleusteq-training\Capstone_InterviewTracker\backend)
2026-04-23T08:08:26.914+05:30 DEBUG 16712 --- [interview-tracker] [restartedMain] c.n.i.InterviewTrackerApplication        : Running with Spring Boot v3.2.5, Spring v6.1.6
2026-04-23T08:08:26.921+05:30  INFO 16712 --- [interview-tracker] [restartedMain] c.n.i.InterviewTrackerApplication        : No active profile set, falling back to 1 default profile: "default"
2026-04-23T08:08:27.196+05:30  INFO 16712 --- [interview-tracker] [restartedMain] .s.d.r.c.RepositoryConfigurationDelegate : Bootstrapping Spring Data JPA repositories in DEFAULT mode.
2026-04-23T08:08:27.263+05:30  INFO 16712 --- [interview-tracker] [restartedMain] .s.d.r.c.RepositoryConfigurationDelegate : Finished Spring Data repository scanning in 67 ms. Found 2 JPA repository interfaces.
2026-04-23T08:08:27.535+05:30  INFO 16712 --- [interview-tracker] [restartedMain] o.s.b.w.embedded.tomcat.TomcatWebServer  : Tomcat initialized with port 8080 (http)
2026-04-23T08:08:27.542+05:30  INFO 16712 --- [interview-tracker] [restartedMain] o.apache.catalina.core.StandardService   : Starting service [Tomcat]
2026-04-23T08:08:27.543+05:30  INFO 16712 --- [interview-tracker] [restartedMain] o.apache.catalina.core.StandardEngine    : Starting Servlet engine: [Apache Tomcat/10.1.20]
2026-04-23T08:08:27.562+05:30  INFO 16712 --- [interview-tracker] [restartedMain] o.a.c.c.C.[Tomcat].[localhost].[/api]    : Initializing Spring embedded WebApplicationContext
2026-04-23T08:08:27.562+05:30  INFO 16712 --- [interview-tracker] [restartedMain] w.s.c.ServletWebServerApplicationContext : Root WebApplicationContext: initialization completed in 640 ms
2026-04-23T08:08:27.646+05:30  INFO 16712 --- [interview-tracker] [restartedMain] o.hibernate.jpa.internal.util.LogHelper  : HHH000204: Processing PersistenceUnitInfo [name: default]
2026-04-23T08:08:27.646+05:30  INFO 16712 --- [interview-tracker] [restartedMain] o.h.c.internal.RegionFactoryInitiator    : HHH000026: Second-level cache disabled
2026-04-23T08:08:27.656+05:30  INFO 16712 --- [interview-tracker] [restartedMain] o.s.o.j.p.SpringPersistenceUnitInfo      : No LoadTimeWeaver setup: ignoring JPA class transformer
2026-04-23T08:08:27.656+05:30  INFO 16712 --- [interview-tracker] [restartedMain] com.zaxxer.hikari.HikariDataSource       : HikariPool-7 - Starting...
2026-04-23T08:08:27.687+05:30  INFO 16712 --- [interview-tracker] [restartedMain] com.zaxxer.hikari.pool.HikariPool        : HikariPool-7 - Added connection org.postgresql.jdbc.PgConnection@724ad06
2026-04-23T08:08:27.687+05:30  INFO 16712 --- [interview-tracker] [restartedMain] com.zaxxer.hikari.HikariDataSource       : HikariPool-7 - Start completed.
2026-04-23T08:08:27.697+05:30  WARN 16712 --- [interview-tracker] [restartedMain] org.hibernate.orm.deprecation            : HHH90000025: PostgreSQLDialect does not need to be specified explicitly using 'hibernate.dialect' (remove the property setting and it will be selected by default)
2026-04-23T08:08:27.930+05:30  INFO 16712 --- [interview-tracker] [restartedMain] o.h.e.t.j.p.i.JtaPlatformInitiator       : HHH000489: No JTA platform available (set 'hibernate.transaction.jta.platform' to enable JTA platform integration)
2026-04-23T08:08:28.023+05:30  INFO 16712 --- [interview-tracker] [restartedMain] j.LocalContainerEntityManagerFactoryBean : Initialized JPA EntityManagerFactory for persistence unit 'default'
2026-04-23T08:08:28.143+05:30 DEBUG 16712 --- [interview-tracker] [restartedMain] c.n.interviewtracker.security.JwtFilter  : Filter 'jwtFilter' configured for use
2026-04-23T08:08:28.270+05:30  WARN 16712 --- [interview-tracker] [restartedMain] JpaBaseConfiguration$JpaWebConfiguration : spring.jpa.open-in-view is enabled by default. Therefore, database queries may be performed during view rendering. Explicitly configure spring.jpa.open-in-view to disable this warning
2026-04-23T08:08:28.490+05:30  INFO 16712 --- [interview-tracker] [restartedMain] o.s.s.web.DefaultSecurityFilterChain     : Will secure any request with [org.springframework.security.web.session.DisableEncodeUrlFilter@1875a802, org.springframework.security.web.context.request.async.WebAsyncManagerIntegrationFilter@7d13ad6b, org.springframework.security.web.context.SecurityContextHolderFilter@2af5181e, org.springframework.security.web.header.HeaderWriterFilter@3a3f09a5, org.springframework.web.filter.CorsFilter@1d07d141, org.springframework.security.web.authentication.logout.LogoutFilter@12c95e2, com.nucleusteq.interviewtracker.security.JwtFilter@16cb7f6a, org.springframework.security.web.savedrequest.RequestCacheAwareFilter@34e6c890, org.springframework.security.web.servletapi.SecurityContextHolderAwareRequestFilter@76569d88, org.springframework.security.web.authentication.AnonymousAuthenticationFilter@7cd3a71a, org.springframework.security.web.session.SessionManagementFilter@472643d6, org.springframework.security.web.access.ExceptionTranslationFilter@72cd9808, org.springframework.security.web.access.intercept.AuthorizationFilter@4174183b]
2026-04-23T08:08:28.665+05:30  INFO 16712 --- [interview-tracker] [restartedMain] o.s.b.d.a.OptionalLiveReloadServer       : LiveReload server is running on port 35729
2026-04-23T08:08:28.683+05:30  INFO 16712 --- [interview-tracker] [restartedMain] o.s.b.w.embedded.tomcat.TomcatWebServer  : Tomcat started on port 8080 (http) with context path '/api'
2026-04-23T08:08:28.690+05:30  INFO 16712 --- [interview-tracker] [restartedMain] c.n.i.InterviewTrackerApplication        : Started InterviewTrackerApplication in 1.809 seconds (process running for 4970.553)
2026-04-23T08:08:28.732+05:30  INFO 16712 --- [interview-tracker] [restartedMain] c.n.interviewtracker.config.DataSeeder   : Default HR user already exists — skipping creation.
2026-04-23T08:08:28.737+05:30  INFO 16712 --- [interview-tracker] [restartedMain] .ConditionEvaluationDeltaLoggingListener : Condition evaluation unchanged
2026-04-23T08:09:57.048+05:30  INFO 16712 --- [interview-tracker] [File Watcher] rtingClassPathChangeChangedEventListener : Restarting due to 1 class path change (0 additions, 0 deletions, 1 modification)
2026-04-23T08:09:57.076+05:30  INFO 16712 --- [interview-tracker] [Thread-27] j.LocalContainerEntityManagerFactoryBean : Closing JPA EntityManagerFactory for persistence unit 'default'
2026-04-23T08:09:57.077+05:30  INFO 16712 --- [interview-tracker] [Thread-27] com.zaxxer.hikari.HikariDataSource       : HikariPool-7 - Shutdown initiated...
2026-04-23T08:09:57.083+05:30  INFO 16712 --- [interview-tracker] [Thread-27] com.zaxxer.hikari.HikariDataSource       : HikariPool-7 - Shutdown completed.
2026-04-23T08:09:57.199+05:30  INFO 16712 --- [interview-tracker] [restartedMain] c.n.i.InterviewTrackerApplication        : Starting InterviewTrackerApplication using Java 17.0.9 with PID 16712 (C:\Users\lenovo\nucleusteq-training\Capstone_InterviewTracker\backend\target\classes started by lenovo in C:\Users\lenovo\nucleusteq-training\Capstone_InterviewTracker\backend)
2026-04-23T08:09:57.199+05:30 DEBUG 16712 --- [interview-tracker] [restartedMain] c.n.i.InterviewTrackerApplication        : Running with Spring Boot v3.2.5, Spring v6.1.6
2026-04-23T08:09:57.200+05:30  INFO 16712 --- [interview-tracker] [restartedMain] c.n.i.InterviewTrackerApplication        : No active profile set, falling back to 1 default profile: "default"
2026-04-23T08:09:57.455+05:30  INFO 16712 --- [interview-tracker] [restartedMain] .s.d.r.c.RepositoryConfigurationDelegate : Bootstrapping Spring Data JPA repositories in DEFAULT mode.
2026-04-23T08:09:57.472+05:30  INFO 16712 --- [interview-tracker] [restartedMain] .s.d.r.c.RepositoryConfigurationDelegate : Finished Spring Data repository scanning in 18 ms. Found 2 JPA repository interfaces.
2026-04-23T08:09:57.649+05:30  INFO 16712 --- [interview-tracker] [restartedMain] o.s.b.w.embedded.tomcat.TomcatWebServer  : Tomcat initialized with port 8080 (http)
2026-04-23T08:09:57.651+05:30  INFO 16712 --- [interview-tracker] [restartedMain] o.apache.catalina.core.StandardService   : Starting service [Tomcat]
2026-04-23T08:09:57.651+05:30  INFO 16712 --- [interview-tracker] [restartedMain] o.apache.catalina.core.StandardEngine    : Starting Servlet engine: [Apache Tomcat/10.1.20]
2026-04-23T08:09:57.703+05:30  INFO 16712 --- [interview-tracker] [restartedMain] o.a.c.c.C.[Tomcat].[localhost].[/api]    : Initializing Spring embedded WebApplicationContext
2026-04-23T08:09:57.708+05:30  INFO 16712 --- [interview-tracker] [restartedMain] w.s.c.ServletWebServerApplicationContext : Root WebApplicationContext: initialization completed in 505 ms
2026-04-23T08:09:57.790+05:30  INFO 16712 --- [interview-tracker] [restartedMain] o.hibernate.jpa.internal.util.LogHelper  : HHH000204: Processing PersistenceUnitInfo [name: default]
2026-04-23T08:09:57.792+05:30  INFO 16712 --- [interview-tracker] [restartedMain] o.h.c.internal.RegionFactoryInitiator    : HHH000026: Second-level cache disabled
2026-04-23T08:09:57.804+05:30  INFO 16712 --- [interview-tracker] [restartedMain] o.s.o.j.p.SpringPersistenceUnitInfo      : No LoadTimeWeaver setup: ignoring JPA class transformer
2026-04-23T08:09:57.805+05:30  INFO 16712 --- [interview-tracker] [restartedMain] com.zaxxer.hikari.HikariDataSource       : HikariPool-8 - Starting...
2026-04-23T08:09:57.847+05:30  INFO 16712 --- [interview-tracker] [restartedMain] com.zaxxer.hikari.pool.HikariPool        : HikariPool-8 - Added connection org.postgresql.jdbc.PgConnection@20278312
2026-04-23T08:09:57.851+05:30  INFO 16712 --- [interview-tracker] [restartedMain] com.zaxxer.hikari.HikariDataSource       : HikariPool-8 - Start completed.
2026-04-23T08:09:57.853+05:30  WARN 16712 --- [interview-tracker] [restartedMain] org.hibernate.orm.deprecation            : HHH90000025: PostgreSQLDialect does not need to be specified explicitly using 'hibernate.dialect' (remove the property setting and it will be selected by default)
2026-04-23T08:09:58.074+05:30  INFO 16712 --- [interview-tracker] [restartedMain] o.h.e.t.j.p.i.JtaPlatformInitiator       : HHH000489: No JTA platform available (set 'hibernate.transaction.jta.platform' to enable JTA platform integration)
2026-04-23T08:09:58.170+05:30  INFO 16712 --- [interview-tracker] [restartedMain] j.LocalContainerEntityManagerFactoryBean : Initialized JPA EntityManagerFactory for persistence unit 'default'
2026-04-23T08:09:58.298+05:30 DEBUG 16712 --- [interview-tracker] [restartedMain] c.n.interviewtracker.security.JwtFilter  : Filter 'jwtFilter' configured for use
2026-04-23T08:09:58.402+05:30  WARN 16712 --- [interview-tracker] [restartedMain] JpaBaseConfiguration$JpaWebConfiguration : spring.jpa.open-in-view is enabled by default. Therefore, database queries may be performed during view rendering. Explicitly configure spring.jpa.open-in-view to disable this warning
2026-04-23T08:09:58.613+05:30  INFO 16712 --- [interview-tracker] [restartedMain] o.s.s.web.DefaultSecurityFilterChain     : Will secure any request with [org.springframework.security.web.session.DisableEncodeUrlFilter@2fab20d3, org.springframework.security.web.context.request.async.WebAsyncManagerIntegrationFilter@4d703ee1, org.springframework.security.web.context.SecurityContextHolderFilter@51224d56, org.springframework.security.web.header.HeaderWriterFilter@11865f2c, org.springframework.web.filter.CorsFilter@4ede536d, org.springframework.security.web.authentication.logout.LogoutFilter@126e0ae5, com.nucleusteq.interviewtracker.security.JwtFilter@319f95b2, org.springframework.security.web.savedrequest.RequestCacheAwareFilter@6a2d6c07, org.springframework.security.web.servletapi.SecurityContextHolderAwareRequestFilter@49f13151, org.springframework.security.web.authentication.AnonymousAuthenticationFilter@53d1a128, org.springframework.security.web.session.SessionManagementFilter@1b80719c, org.springframework.security.web.access.ExceptionTranslationFilter@65cbcfea, org.springframework.security.web.access.intercept.AuthorizationFilter@5319c167]
2026-04-23T08:09:58.782+05:30  INFO 16712 --- [interview-tracker] [restartedMain] o.s.b.d.a.OptionalLiveReloadServer       : LiveReload server is running on port 35729
2026-04-23T08:09:58.828+05:30  INFO 16712 --- [interview-tracker] [restartedMain] o.s.b.w.embedded.tomcat.TomcatWebServer  : Tomcat started on port 8080 (http) with context path '/api'
2026-04-23T08:09:58.836+05:30  INFO 16712 --- [interview-tracker] [restartedMain] c.n.i.InterviewTrackerApplication        : Started InterviewTrackerApplication in 1.681 seconds (process running for 5060.696)
2026-04-23T08:09:58.872+05:30  INFO 16712 --- [interview-tracker] [restartedMain] c.n.interviewtracker.config.DataSeeder   : Default HR user already exists — skipping creation.
2026-04-23T08:09:58.872+05:30  INFO 16712 --- [interview-tracker] [restartedMain] .ConditionEvaluationDeltaLoggingListener : Condition evaluation unchanged
2026-04-23T08:11:15.522+05:30  INFO 16712 --- [interview-tracker] [SpringApplicationShutdownHook] j.LocalContainerEntityManagerFactoryBean : Closing JPA EntityManagerFactory for persistence unit 'default'
2026-04-23T08:11:15.524+05:30  INFO 16712 --- [interview-tracker] [SpringApplicationShutdownHook] com.zaxxer.hikari.HikariDataSource       : HikariPool-8 - Shutdown initiated...
2026-04-23T08:11:15.528+05:30  INFO 16712 --- [interview-tracker] [SpringApplicationShutdownHook] com.zaxxer.hikari.HikariDataSource       : HikariPool-8 - Shutdown completed.
2026-04-23T08:11:37.500+05:30  INFO 6940 --- [interview-tracker] [restartedMain] c.n.i.InterviewTrackerApplication        : Starting InterviewTrackerApplication using Java 17.0.9 with PID 6940 (C:\Users\lenovo\nucleusteq-training\Capstone_InterviewTracker\backend\target\classes started by lenovo in C:\Users\lenovo\nucleusteq-training\Capstone_InterviewTracker\backend)
2026-04-23T08:11:37.504+05:30 DEBUG 6940 --- [interview-tracker] [restartedMain] c.n.i.InterviewTrackerApplication        : Running with Spring Boot v3.2.5, Spring v6.1.6
2026-04-23T08:11:37.504+05:30  INFO 6940 --- [interview-tracker] [restartedMain] c.n.i.InterviewTrackerApplication        : No active profile set, falling back to 1 default profile: "default"
2026-04-23T08:11:37.545+05:30  INFO 6940 --- [interview-tracker] [restartedMain] .e.DevToolsPropertyDefaultsPostProcessor : Devtools property defaults active! Set 'spring.devtools.add-properties' to 'false' to disable
2026-04-23T08:11:37.545+05:30  INFO 6940 --- [interview-tracker] [restartedMain] .e.DevToolsPropertyDefaultsPostProcessor : For additional web related logging consider setting the 'logging.level.web' property to 'DEBUG'
2026-04-23T08:11:38.080+05:30  INFO 6940 --- [interview-tracker] [restartedMain] .s.d.r.c.RepositoryConfigurationDelegate : Bootstrapping Spring Data JPA repositories in DEFAULT mode.
2026-04-23T08:11:38.136+05:30  INFO 6940 --- [interview-tracker] [restartedMain] .s.d.r.c.RepositoryConfigurationDelegate : Finished Spring Data repository scanning in 51 ms. Found 2 JPA repository interfaces.
2026-04-23T08:11:38.614+05:30  INFO 6940 --- [interview-tracker] [restartedMain] o.s.b.w.embedded.tomcat.TomcatWebServer  : Tomcat initialized with port 8080 (http)
2026-04-23T08:11:38.634+05:30  INFO 6940 --- [interview-tracker] [restartedMain] o.apache.catalina.core.StandardService   : Starting service [Tomcat]
2026-04-23T08:11:38.634+05:30  INFO 6940 --- [interview-tracker] [restartedMain] o.apache.catalina.core.StandardEngine    : Starting Servlet engine: [Apache Tomcat/10.1.20]
2026-04-23T08:11:38.678+05:30  INFO 6940 --- [interview-tracker] [restartedMain] o.a.c.c.C.[Tomcat].[localhost].[/api]    : Initializing Spring embedded WebApplicationContext
2026-04-23T08:11:38.682+05:30  INFO 6940 --- [interview-tracker] [restartedMain] w.s.c.ServletWebServerApplicationContext : Root WebApplicationContext: initialization completed in 1133 ms
2026-04-23T08:11:38.775+05:30  INFO 6940 --- [interview-tracker] [restartedMain] o.hibernate.jpa.internal.util.LogHelper  : HHH000204: Processing PersistenceUnitInfo [name: default]
2026-04-23T08:11:38.823+05:30  INFO 6940 --- [interview-tracker] [restartedMain] org.hibernate.Version                    : HHH000412: Hibernate ORM core version 6.4.4.Final
2026-04-23T08:11:38.852+05:30  INFO 6940 --- [interview-tracker] [restartedMain] o.h.c.internal.RegionFactoryInitiator    : HHH000026: Second-level cache disabled
2026-04-23T08:11:39.026+05:30  INFO 6940 --- [interview-tracker] [restartedMain] o.s.o.j.p.SpringPersistenceUnitInfo      : No LoadTimeWeaver setup: ignoring JPA class transformer
2026-04-23T08:11:39.051+05:30  INFO 6940 --- [interview-tracker] [restartedMain] com.zaxxer.hikari.HikariDataSource       : HikariPool-1 - Starting...
2026-04-23T08:11:39.167+05:30  INFO 6940 --- [interview-tracker] [restartedMain] com.zaxxer.hikari.pool.HikariPool        : HikariPool-1 - Added connection org.postgresql.jdbc.PgConnection@6322dff2
2026-04-23T08:11:39.167+05:30  INFO 6940 --- [interview-tracker] [restartedMain] com.zaxxer.hikari.HikariDataSource       : HikariPool-1 - Start completed.
2026-04-23T08:11:39.201+05:30  WARN 6940 --- [interview-tracker] [restartedMain] org.hibernate.orm.deprecation            : HHH90000025: PostgreSQLDialect does not need to be specified explicitly using 'hibernate.dialect' (remove the property setting and it will be selected by default)
2026-04-23T08:11:40.151+05:30  INFO 6940 --- [interview-tracker] [restartedMain] o.h.e.t.j.p.i.JtaPlatformInitiator       : HHH000489: No JTA platform available (set 'hibernate.transaction.jta.platform' to enable JTA platform integration)
2026-04-23T08:11:40.285+05:30  INFO 6940 --- [interview-tracker] [restartedMain] j.LocalContainerEntityManagerFactoryBean : Initialized JPA EntityManagerFactory for persistence unit 'default'
2026-04-23T08:11:40.531+05:30 DEBUG 6940 --- [interview-tracker] [restartedMain] c.n.interviewtracker.security.JwtFilter  : Filter 'jwtFilter' configured for use
2026-04-23T08:11:40.658+05:30  WARN 6940 --- [interview-tracker] [restartedMain] JpaBaseConfiguration$JpaWebConfiguration : spring.jpa.open-in-view is enabled by default. Therefore, database queries may be performed during view rendering. Explicitly configure spring.jpa.open-in-view to disable this warning
2026-04-23T08:11:40.914+05:30  INFO 6940 --- [interview-tracker] [restartedMain] o.s.s.web.DefaultSecurityFilterChain     : Will secure any request with [org.springframework.security.web.session.DisableEncodeUrlFilter@73a279a3, org.springframework.security.web.context.request.async.WebAsyncManagerIntegrationFilter@313d23fc, org.springframework.security.web.context.SecurityContextHolderFilter@13632328, org.springframework.security.web.header.HeaderWriterFilter@2aba8b32, org.springframework.web.filter.CorsFilter@9149200, org.springframework.security.web.authentication.logout.LogoutFilter@79a568e, com.nucleusteq.interviewtracker.security.JwtFilter@15b9775, org.springframework.security.web.savedrequest.RequestCacheAwareFilter@234360c0, org.springframework.security.web.servletapi.SecurityContextHolderAwareRequestFilter@43045197, org.springframework.security.web.authentication.AnonymousAuthenticationFilter@e975a93, org.springframework.security.web.session.SessionManagementFilter@4abcb8e3, org.springframework.security.web.access.ExceptionTranslationFilter@7e5d211f, org.springframework.security.web.access.intercept.AuthorizationFilter@461099a2]
2026-04-23T08:11:41.122+05:30  INFO 6940 --- [interview-tracker] [restartedMain] o.s.b.d.a.OptionalLiveReloadServer       : LiveReload server is running on port 35729
2026-04-23T08:11:41.151+05:30  INFO 6940 --- [interview-tracker] [restartedMain] o.s.b.w.embedded.tomcat.TomcatWebServer  : Tomcat started on port 8080 (http) with context path '/api'
2026-04-23T08:11:41.156+05:30  INFO 6940 --- [interview-tracker] [restartedMain] c.n.i.InterviewTrackerApplication        : Started InterviewTrackerApplication in 4.012 seconds (process running for 4.365)
2026-04-23T08:11:41.261+05:30  INFO 6940 --- [interview-tracker] [restartedMain] c.n.interviewtracker.config.DataSeeder   : Default HR user already exists — skipping creation.
2026-04-23T08:13:39.384+05:30  INFO 6940 --- [interview-tracker] [http-nio-8080-exec-3] o.a.c.c.C.[Tomcat].[localhost].[/api]    : Initializing Spring DispatcherServlet 'dispatcherServlet'
2026-04-23T08:13:39.385+05:30  INFO 6940 --- [interview-tracker] [http-nio-8080-exec-3] o.s.web.servlet.DispatcherServlet        : Initializing Servlet 'dispatcherServlet'
2026-04-23T08:13:39.385+05:30  INFO 6940 --- [interview-tracker] [http-nio-8080-exec-3] o.s.web.servlet.DispatcherServlet        : Completed initialization in 0 ms
2026-04-23T08:13:39.581+05:30  WARN 6940 --- [interview-tracker] [http-nio-8080-exec-3] c.n.interviewtracker.security.JwtFilter  : Could not extract email from JWT token: JWT signature does not match locally computed signature. JWT validity cannot be asserted and should not be trusted.
2026-04-23T09:02:43.866+05:30  INFO 6940 --- [interview-tracker] [SpringApplicationShutdownHook] j.LocalContainerEntityManagerFactoryBean : Closing JPA EntityManagerFactory for persistence unit 'default'
2026-04-23T09:02:43.870+05:30  INFO 6940 --- [interview-tracker] [SpringApplicationShutdownHook] com.zaxxer.hikari.HikariDataSource       : HikariPool-1 - Shutdown initiated...
2026-04-23T09:02:43.875+05:30  INFO 6940 --- [interview-tracker] [SpringApplicationShutdownHook] com.zaxxer.hikari.HikariDataSource       : HikariPool-1 - Shutdown completed.
